17:27:55,253 INFO    : CentOS Linux is the highest priority installclass, using it
17:27:55,262 INFO    : created new libuser.conf at /tmp/libuser.QdjsYk with instPath="/mnt/sysimage"
17:27:55,265 INFO    : anaconda called with cmdline = ['/usr/sbin/anaconda', '--liveinst', '--method=livecd:///dev/mapper/live-osimg-min']
17:27:55,265 INFO    : Display mode = g
17:27:55,266 INFO    : Default encoding = ascii 
17:27:55,269 WARNING : You do not have enough RAM to use the graphical installer.  Starting text mode.
17:27:57,889 INFO    : Network.update(): /etc/sysconfig/network-scripts/ifcfg-eth0 file not found
17:27:57,934 INFO    : Network.update(): /etc/sysconfig/network-scripts/ifcfg-eth0 file not found
17:27:57,938 INFO    : Detected 512M of memory
17:27:57,939 INFO    : Swap attempt of 512M to 1024M
17:27:58,137 WARNING : step installtype does not exist
17:27:58,139 WARNING : step confirminstall does not exist
17:27:58,141 WARNING : step complete does not exist
17:27:58,145 INFO    : moving (1) to step welcome
17:28:07,663 INFO    : leaving (1) step welcome
17:28:07,667 INFO    : moving (1) to step language
17:28:20,615 INFO    : leaving (1) step language
17:28:20,618 INFO    : moving (1) to step keyboard
17:28:26,158 ERROR   : Could not install keymap ru: Permission denied
17:28:26,163 INFO    : leaving (1) step keyboard
17:28:26,165 INFO    : moving (1) to step storageinit
17:28:26,166 DEBUG   : storageinit is a direct step
17:28:31,310 WARNING : '/usr/libexec/fcoe/fcoe_edd.sh' specified as full path
17:28:31,447 INFO    : No FCoE EDD info found: No FCoE boot disk information is found in EDD!

17:28:31,450 INFO    : no /etc/zfcp.conf; not configuring zfcp
17:28:56,024 INFO    : leaving (1) step storageinit
17:28:56,025 INFO    : moving (1) to step network
17:29:01,284 DEBUG   : Exception caught trying to get host name of 10.0.2.15: [Errno 1] Unknown host
17:29:01,289 INFO    : leaving (1) step network
17:29:01,290 INFO    : moving (1) to step timezone
17:29:06,780 INFO    : leaving (1) step timezone
17:29:06,789 INFO    : moving (1) to step accounts
17:30:01,237 INFO    : leaving (1) step accounts
17:30:01,241 INFO    : moving (1) to step setuptime
17:30:01,242 DEBUG   : setuptime is a direct step
02:30:01,278 WARNING : '/usr/sbin/hwclock' specified as full path
21:30:02,015 INFO    : leaving (1) step setuptime
21:30:02,019 INFO    : moving (1) to step parttype
21:30:48,789 INFO    : leaving (1) step parttype
21:30:48,790 INFO    : moving (1) to step autopartitionexecute
21:30:48,790 DEBUG   : autopartitionexecute is a direct step
21:30:49,576 INFO    : leaving (1) step autopartitionexecute
21:30:49,580 INFO    : moving (1) to step storagedone
21:30:49,580 DEBUG   : storagedone is a direct step
21:31:02,537 INFO    : leaving (1) step storagedone
21:31:02,541 INFO    : moving (1) to step enablefilesystems
21:31:02,542 DEBUG   : enablefilesystems is a direct step
21:31:10,032 DEBUG   : notifying kernel of 'change' event on device /sys/class/block/sda1
21:31:14,615 DEBUG   : notifying kernel of 'change' event on device /sys/class/block/sda2
21:31:39,452 DEBUG   : notifying kernel of 'change' event on device /sys/class/block/dm-2
21:31:46,308 DEBUG   : isys.py:mount()- going to mount /dev/sda1 on /mnt/sysimage/boot as ext4 with options defaults
21:31:46,493 DEBUG   : isys.py:mount()- going to mount //dev on /mnt/sysimage/dev as bind with options defaults,bind
21:31:46,586 DEBUG   : isys.py:mount()- going to mount devpts on /mnt/sysimage/dev/pts as devpts with options gid=5,mode=620
21:31:46,663 DEBUG   : isys.py:mount()- going to mount tmpfs on /mnt/sysimage/dev/shm as tmpfs with options defaults
21:31:47,171 INFO    : failed to get default SELinux context for /proc: [Errno 2] No such file or directory
21:31:47,174 DEBUG   : isys.py:mount()- going to mount proc on /mnt/sysimage/proc as proc with options defaults
21:31:47,241 INFO    : failed to get default SELinux context for /proc: [Errno 2] No such file or directory
21:31:47,275 DEBUG   : isys.py:mount()- going to mount sysfs on /mnt/sysimage/sys as sysfs with options defaults
21:31:47,348 INFO    : leaving (1) step enablefilesystems
21:31:47,350 INFO    : moving (1) to step bootloadersetup
21:31:47,351 DEBUG   : bootloadersetup is a direct step
21:31:47,381 WARNING : '/usr/sbin/dmidecode' specified as full path
21:31:47,538 INFO    : leaving (1) step bootloadersetup
21:31:47,539 INFO    : moving (1) to step reposetup
21:31:47,540 DEBUG   : reposetup is a direct step
21:31:47,654 INFO    : leaving (1) step reposetup
21:31:47,658 INFO    : moving (1) to step basepkgsel
21:31:47,658 DEBUG   : basepkgsel is a direct step
21:31:47,659 INFO    : leaving (1) step basepkgsel
21:31:47,660 INFO    : moving (1) to step postselection
21:31:47,660 DEBUG   : postselection is a direct step
21:31:47,661 INFO    : leaving (1) step postselection
21:31:47,662 INFO    : moving (1) to step install
21:31:47,695 INFO    : leaving (1) step install
21:31:47,696 INFO    : moving (1) to step preinstallconfig
21:31:47,697 DEBUG   : preinstallconfig is a direct step
21:31:47,705 DEBUG   : isys.py:umount()- going to unmount /mnt/sysimage/sys, removeDir = False
21:31:47,870 DEBUG   : isys.py:umount()- going to unmount /mnt/sysimage/proc, removeDir = False
21:31:47,975 DEBUG   : isys.py:umount()- going to unmount /mnt/sysimage/dev/shm, removeDir = False
21:31:48,063 DEBUG   : isys.py:umount()- going to unmount /mnt/sysimage/dev/pts, removeDir = False
21:31:48,150 DEBUG   : isys.py:umount()- going to unmount /mnt/sysimage/dev, removeDir = False
21:31:48,490 DEBUG   : isys.py:umount()- going to unmount /mnt/sysimage/boot, removeDir = False
21:31:54,083 INFO    : leaving (1) step preinstallconfig
21:31:54,108 INFO    : moving (1) to step installpackages
21:31:54,109 DEBUG   : installpackages is a direct step
21:31:54,110 INFO    : Preparing to install packages
21:42:10,101 INFO    : leaving (1) step installpackages
21:42:10,119 INFO    : moving (1) to step postinstallconfig
21:42:10,119 DEBUG   : postinstallconfig is a direct step
21:42:10,120 INFO    : doing post-install fs mangling
21:42:10,257 INFO    : going to do resize
21:42:18,695 DEBUG   : isys.py:mount()- going to mount /dev/mapper/vg_livecd-lv_root on /mnt/sysimage as ext4 with options defaults
21:42:19,064 DEBUG   : isys.py:mount()- going to mount /dev/sda1 on /mnt/sysimage/boot as ext4 with options defaults
21:42:19,221 DEBUG   : isys.py:mount()- going to mount //dev on /mnt/sysimage/dev as bind with options defaults,bind
21:42:19,305 DEBUG   : isys.py:mount()- going to mount devpts on /mnt/sysimage/dev/pts as devpts with options gid=5,mode=620
21:42:19,392 DEBUG   : isys.py:mount()- going to mount tmpfs on /mnt/sysimage/dev/shm as tmpfs with options defaults
21:42:20,095 INFO    : failed to get default SELinux context for /proc: [Errno 2] No such file or directory
21:42:20,100 DEBUG   : isys.py:mount()- going to mount proc on /mnt/sysimage/proc as proc with options defaults
21:42:20,179 INFO    : failed to get default SELinux context for /proc: [Errno 2] No such file or directory
21:42:20,225 DEBUG   : isys.py:mount()- going to mount sysfs on /mnt/sysimage/sys as sysfs with options defaults
21:42:20,502 DEBUG   : notifying kernel of 'change' event on device /sys/devices/virtual/block/dm-2
21:42:21,323 INFO    : reset the rootdev (/devices/virtual/block/dm-2) to have a uuid of b8439647-fa93-4724-bde7-1c42330abe1f
21:42:21,330 DEBUG   : isys.py:umount()- going to unmount /mnt/sysimage/boot, removeDir = False
21:42:21,446 DEBUG   : isys.py:mount()- going to mount /dev/sda1 on /mnt/sysimage/mnt/boot as ext4 with options defaults
21:42:22,275 DEBUG   : isys.py:umount()- going to unmount /mnt/sysimage/mnt/boot, removeDir = False
21:42:22,737 DEBUG   : isys.py:mount()- going to mount /dev/sda1 on /mnt/sysimage/boot as ext4 with options defaults
21:42:22,826 DEBUG   : isys.py:mount()- going to mount /selinux on /mnt/sysimage/selinux as selinuxfs with options defaults
21:42:24,285 INFO    : copy_to_sysimage: source '/etc/multipath/wwids' does not exist.
21:42:24,289 INFO    : copy_to_sysimage: source '/etc/multipath/bindings' does not exist.
21:42:25,436 INFO    : recreating initrd for 2.6.32-220.el6.i686
21:42:25,439 WARNING : '/sbin/new-kernel-pkg' specified as full path
21:48:42,959 INFO    : leaving (1) step postinstallconfig
21:48:42,988 INFO    : moving (1) to step writeconfig
21:48:42,989 DEBUG   : writeconfig is a direct step
21:48:42,989 INFO    : Writing main configuration
21:48:43,613 WARNING : '/usr/sbin/authconfig' specified as full path
21:48:46,896 ERROR   : would have run ['--quiet', '--nostart', '-f', '--service=ssh']
21:48:46,902 WARNING : '/usr/sbin/lokkit' specified as full path
21:48:48,922 INFO    : removing libuser.conf at /tmp/libuser.QdjsYk
21:48:48,922 INFO    : created new libuser.conf at /tmp/libuser.QdjsYk with instPath="/mnt/sysimage"
21:48:49,382 INFO    : leaving (1) step writeconfig
21:48:49,384 INFO    : moving (1) to step firstboot
21:48:49,385 DEBUG   : firstboot is a direct step
21:48:49,386 INFO    : leaving (1) step firstboot
21:48:49,388 INFO    : moving (1) to step instbootloader
21:48:49,389 DEBUG   : instbootloader is a direct step
21:48:52,802 WARNING : '/sbin/grub-install' specified as full path
21:48:53,508 WARNING : '/sbin/grub' specified as full path
21:48:53,943 INFO    : leaving (1) step instbootloader
21:48:53,946 INFO    : moving (1) to step reipl
21:48:53,946 DEBUG   : reipl is a direct step
21:48:53,952 INFO    : leaving (1) step reipl
21:48:53,958 INFO    : moving (1) to step writeksconfig
21:48:53,959 DEBUG   : writeksconfig is a direct step
21:48:53,962 INFO    : Writing autokickstart file
21:48:54,789 INFO    : leaving (1) step writeksconfig
21:48:54,789 INFO    : moving (1) to step setfilecon
21:48:54,790 DEBUG   : setfilecon is a direct step
21:48:54,791 INFO    : setting SELinux contexts for anaconda created files
21:49:34,258 INFO    : leaving (1) step setfilecon
21:49:34,259 INFO    : moving (1) to step copylogs
21:49:34,260 DEBUG   : copylogs is a direct step
21:49:34,260 INFO    : Copying anaconda logs
