[    31.545] 
X.Org X Server 1.10.4
Release Date: 2011-08-19
[    31.545] X Protocol Version 11, Revision 0
[    31.545] Build Operating System: c6b18n3 2.6.32-71.el6.x86_64 
[    31.545] Current Operating System: Linux localhost.localdomain 2.6.32-220.el6.i686 #1 SMP Tue Dec 6 16:15:40 GMT 2011 i686
[    31.547] Kernel command line: ro root=/dev/mapper/vg_livecd-lv_root LANG=ru_RU.UTF-8 rd_NO_LUKS rd_LVM_LV=vg_livecd/lv_swap rd_NO_MD quiet rd_LVM_LV=vg_livecd/lv_root rhgb   KEYBOARDTYPE=pc KEYTABLE=ru rd_NO_DM
[    31.547] Build Date: 07 December 2011  11:33:27PM
[    31.547] Build ID: xorg-x11-server 1.10.4-6.el6 
[    31.547] Current version of pixman: 0.18.4
[    31.547] 	Before reporting problems, check https://www.redhat.com/apps/support/
	to make sure that you have the latest version.
[    31.547] Markers: (--) probed, (**) from config file, (==) default setting,
	(++) from command line, (!!) notice, (II) informational,
	(WW) warning, (EE) error, (NI) not implemented, (??) unknown.
[    31.547] (==) Log file: "/var/log/Xorg.0.log", Time: Fri Feb 14 22:53:16 2020
[    31.556] (II) Loader magic: 0x822c540
[    31.556] (II) Module ABI versions:
[    31.556] 	X.Org ANSI C Emulation: 0.4
[    31.556] 	X.Org Video Driver: 10.0
[    31.556] 	X.Org XInput driver : 12.2
[    31.556] 	X.Org Server Extension : 5.0
[    31.560] (--) PCI:*(0:0:2:0) 15ad:0405:15ad:0405 rev 0, Mem @ 0xf0000000/16777216, 0xf1000000/2097152, I/O @ 0x0000d010/16, BIOS @ 0x????????/131072
[    31.560] (==) Using default built-in configuration (30 lines)
[    31.560] (==) --- Start of built-in configuration ---
[    31.560] 	Section "Device"
[    31.560] 		Identifier	"Builtin Default vmware Device 0"
[    31.560] 		Driver	"vmware"
[    31.560] 	EndSection
[    31.560] 	Section "Screen"
[    31.560] 		Identifier	"Builtin Default vmware Screen 0"
[    31.560] 		Device	"Builtin Default vmware Device 0"
[    31.560] 	EndSection
[    31.560] 	Section "Device"
[    31.560] 		Identifier	"Builtin Default vesa Device 0"
[    31.560] 		Driver	"vesa"
[    31.560] 	EndSection
[    31.560] 	Section "Screen"
[    31.560] 		Identifier	"Builtin Default vesa Screen 0"
[    31.560] 		Device	"Builtin Default vesa Device 0"
[    31.560] 	EndSection
[    31.560] 	Section "Device"
[    31.560] 		Identifier	"Builtin Default fbdev Device 0"
[    31.560] 		Driver	"fbdev"
[    31.560] 	EndSection
[    31.560] 	Section "Screen"
[    31.560] 		Identifier	"Builtin Default fbdev Screen 0"
[    31.560] 		Device	"Builtin Default fbdev Device 0"
[    31.560] 	EndSection
[    31.560] 	Section "ServerLayout"
[    31.560] 		Identifier	"Builtin Default Layout"
[    31.560] 		Screen	"Builtin Default vmware Screen 0"
[    31.560] 		Screen	"Builtin Default vesa Screen 0"
[    31.560] 		Screen	"Builtin Default fbdev Screen 0"
[    31.560] 	EndSection
[    31.560] (==) --- End of built-in configuration ---
[    31.562] (==) ServerLayout "Builtin Default Layout"
[    31.562] (**) |-->Screen "Builtin Default vmware Screen 0" (0)
[    31.562] (**) |   |-->Monitor "<default monitor>"
[    31.562] (**) |   |-->Device "Builtin Default vmware Device 0"
[    31.562] (==) No monitor specified for screen "Builtin Default vmware Screen 0".
	Using a default monitor configuration.
[    31.562] (**) |-->Screen "Builtin Default vesa Screen 0" (1)
[    31.562] (**) |   |-->Monitor "<default monitor>"
[    31.562] (**) |   |-->Device "Builtin Default vesa Device 0"
[    31.562] (==) No monitor specified for screen "Builtin Default vesa Screen 0".
	Using a default monitor configuration.
[    31.562] (**) |-->Screen "Builtin Default fbdev Screen 0" (2)
[    31.562] (**) |   |-->Monitor "<default monitor>"
[    31.562] (**) |   |-->Device "Builtin Default fbdev Device 0"
[    31.562] (==) No monitor specified for screen "Builtin Default fbdev Screen 0".
	Using a default monitor configuration.
[    31.562] (==) Automatically adding devices
[    31.563] (==) Automatically enabling devices
[    31.564] (==) FontPath set to:
	catalogue:/etc/X11/fontpath.d,
	built-ins
[    31.564] (==) ModulePath set to "/usr/lib/xorg/modules"
[    31.564] (II) The server relies on HAL to provide the list of input devices.
	If no devices become available, reconfigure HAL or disable AutoAddDevices.
[    31.564] (II) LoadModule: "extmod"
[    31.567] (II) Loading /usr/lib/xorg/modules/extensions/libextmod.so
[    31.569] (II) Module extmod: vendor="X.Org Foundation"
[    31.569] 	compiled for 1.10.4, module version = 1.0.0
[    31.569] 	Module class: X.Org Server Extension
[    31.569] 	ABI class: X.Org Server Extension, version 5.0
[    31.569] (II) Loading extension SELinux
[    31.569] (II) Loading extension MIT-SCREEN-SAVER
[    31.569] (II) Loading extension XFree86-VidModeExtension
[    31.569] (II) Loading extension XFree86-DGA
[    31.569] (II) Loading extension DPMS
[    31.569] (II) Loading extension XVideo
[    31.569] (II) Loading extension XVideo-MotionCompensation
[    31.569] (II) Loading extension X-Resource
[    31.569] (II) LoadModule: "dbe"
[    31.569] (II) Loading /usr/lib/xorg/modules/extensions/libdbe.so
[    31.569] (II) Module dbe: vendor="X.Org Foundation"
[    31.569] 	compiled for 1.10.4, module version = 1.0.0
[    31.569] 	Module class: X.Org Server Extension
[    31.569] 	ABI class: X.Org Server Extension, version 5.0
[    31.569] (II) Loading extension DOUBLE-BUFFER
[    31.569] (II) LoadModule: "glx"
[    31.569] (II) Loading /usr/lib/xorg/modules/extensions/libglx.so
[    31.575] (II) Module glx: vendor="X.Org Foundation"
[    31.575] 	compiled for 1.10.4, module version = 1.0.0
[    31.575] 	ABI class: X.Org Server Extension, version 5.0
[    31.575] (==) AIGLX enabled
[    31.575] (II) Loading extension GLX
[    31.575] (II) LoadModule: "record"
[    31.575] (II) Loading /usr/lib/xorg/modules/extensions/librecord.so
[    31.576] (II) Module record: vendor="X.Org Foundation"
[    31.576] 	compiled for 1.10.4, module version = 1.13.0
[    31.576] 	Module class: X.Org Server Extension
[    31.576] 	ABI class: X.Org Server Extension, version 5.0
[    31.576] (II) Loading extension RECORD
[    31.576] (II) LoadModule: "dri"
[    31.576] (II) Loading /usr/lib/xorg/modules/extensions/libdri.so
[    31.579] (II) Module dri: vendor="X.Org Foundation"
[    31.579] 	compiled for 1.10.4, module version = 1.0.0
[    31.579] 	ABI class: X.Org Server Extension, version 5.0
[    31.579] (II) Loading extension XFree86-DRI
[    31.579] (II) LoadModule: "dri2"
[    31.580] (II) Loading /usr/lib/xorg/modules/extensions/libdri2.so
[    31.581] (II) Module dri2: vendor="X.Org Foundation"
[    31.581] 	compiled for 1.10.4, module version = 1.2.0
[    31.581] 	ABI class: X.Org Server Extension, version 5.0
[    31.581] (II) Loading extension DRI2
[    31.581] (II) LoadModule: "vmware"
[    31.581] (II) Loading /usr/lib/xorg/modules/drivers/vmware_drv.so
[    31.582] (II) Module vmware: vendor="X.Org Foundation"
[    31.582] 	compiled for 1.10.4, module version = 11.0.3
[    31.582] 	Module class: X.Org Video Driver
[    31.582] 	ABI class: X.Org Video Driver, version 10.0
[    31.582] (II) LoadModule: "vmwgfx"
[    31.583] (WW) Warning, couldn't open module vmwgfx
[    31.583] (II) UnloadModule: "vmwgfx"
[    31.583] (II) Unloading vmwgfx
[    31.583] (EE) Failed to load module "vmwgfx" (module does not exist, 0)
[    31.583] (EE) vmware: Please ignore the above warnings about not being able to to load module/driver vmwgfx
[    31.583] (II) vmware: Using vmwlegacy driver everything is fine.
[    31.583] (II) LoadModule: "vmwlegacy"
[    31.583] (II) Loading /usr/lib/xorg/modules/drivers/vmwlegacy_drv.so
[    31.586] (II) Module vmwlegacy: vendor="X.Org Foundation"
[    31.586] 	compiled for 1.10.4, module version = 11.0.3
[    31.586] 	Module class: X.Org Video Driver
[    31.586] 	ABI class: X.Org Video Driver, version 10.0
[    31.586] (II) LoadModule: "vesa"
[    31.586] (II) Loading /usr/lib/xorg/modules/drivers/vesa_drv.so
[    31.588] (II) Module vesa: vendor="X.Org Foundation"
[    31.588] 	compiled for 1.10.4, module version = 2.3.0
[    31.588] 	Module class: X.Org Video Driver
[    31.588] 	ABI class: X.Org Video Driver, version 10.0
[    31.588] (II) LoadModule: "fbdev"
[    31.588] (II) Loading /usr/lib/xorg/modules/drivers/fbdev_drv.so
[    31.589] (II) Module fbdev: vendor="X.Org Foundation"
[    31.589] 	compiled for 1.10.4, module version = 0.4.2
[    31.589] 	ABI class: X.Org Video Driver, version 10.0
[    31.589] (II) vmwlegacy: driver for VMware SVGA: vmware0405, vmware0710
[    31.589] (II) VESA: driver for VESA chipsets: vesa
[    31.589] (II) FBDEV: driver for framebuffer: fbdev
[    31.589] (--) using VT number 7

[    31.645] (II) Loading /usr/lib/xorg/modules/drivers/vmwlegacy_drv.so
[    31.645] (WW) Falling back to old probe method for vesa
[    31.645] (WW) Falling back to old probe method for fbdev
[    31.645] (II) Loading sub module "fbdevhw"
[    31.645] (II) LoadModule: "fbdevhw"
[    31.645] (II) Loading /usr/lib/xorg/modules/libfbdevhw.so
[    31.645] (II) Module fbdevhw: vendor="X.Org Foundation"
[    31.645] 	compiled for 1.10.4, module version = 0.0.2
[    31.645] 	ABI class: X.Org Video Driver, version 10.0
[    31.665] (EE) open /dev/fb0: No such device
[    31.665] (--) vmwlegacy(0): VMware SVGA regs at (0xd010, 0xd011)
[    31.665] (II) Loading sub module "vgahw"
[    31.665] (II) LoadModule: "vgahw"
[    31.665] (II) Loading /usr/lib/xorg/modules/libvgahw.so
[    31.674] (II) Module vgahw: vendor="X.Org Foundation"
[    31.674] 	compiled for 1.10.4, module version = 0.1.0
[    31.674] 	ABI class: X.Org Video Driver, version 10.0
[    32.095] (--) vmwlegacy(0): caps:  0x00F6C2A0
[    32.095] (--) vmwlegacy(0): depth: 24
[    32.095] (--) vmwlegacy(0): bpp:   32
[    32.095] (--) vmwlegacy(0): vram:  16777216
[    32.095] (--) vmwlegacy(0): pbase: 0xf0000000
[    32.095] (--) vmwlegacy(0): mwidt: 2048
[    32.095] (--) vmwlegacy(0): mheig: 2048
[    32.095] (II) vmwlegacy(0): Creating default Display subsection in Screen section
	"Builtin Default vmware Screen 0" for depth/fbbpp 24/32
[    32.095] (--) vmwlegacy(0): depth: 24
[    32.095] (--) vmwlegacy(0): bpp:   32
[    32.095] (--) vmwlegacy(0): w.red: 8
[    32.095] (--) vmwlegacy(0): w.grn: 8
[    32.095] (--) vmwlegacy(0): w.blu: 8
[    32.095] (--) vmwlegacy(0): vis:   4
[    32.095] (==) vmwlegacy(0): Depth 24, (==) framebuffer bpp 32
[    32.095] (==) vmwlegacy(0): RGB weight 888
[    32.095] (==) vmwlegacy(0): Default visual is TrueColor
[    32.095] (==) vmwlegacy(0): Using HW cursor
[    32.095] (==) vmwlegacy(0): Using gamma correction (1.0, 1.0, 1.0)
[    32.095] (II) vmwlegacy(0): <default monitor>: Using default hsync range of 31.50-48.00 kHz
[    32.095] (II) vmwlegacy(0): <default monitor>: Using default vrefresh range of 50.00-70.00 Hz
[    32.095] (II) vmwlegacy(0): <default monitor>: Using default maximum pixel clock of 65.00 MHz
[    32.095] (WW) vmwlegacy(0): Unable to estimate virtual size
[    32.095] (II) vmwlegacy(0): Clock range:   0.00 to 400000.00 MHz
[    32.095] (II) vmwlegacy(0): Not using default mode "640x350" (vrefresh out of range)
[    32.095] (II) vmwlegacy(0): Not using default mode "640x400" (vrefresh out of range)
[    32.095] (II) vmwlegacy(0): Not using default mode "720x400" (vrefresh out of range)
[    32.095] (II) vmwlegacy(0): Not using default mode "640x480" (vrefresh out of range)
[    32.095] (II) vmwlegacy(0): Not using default mode "640x480" (vrefresh out of range)
[    32.095] (II) vmwlegacy(0): Not using default mode "640x480" (vrefresh out of range)
[    32.095] (II) vmwlegacy(0): Not using default mode "800x600" (vrefresh out of range)
[    32.095] (II) vmwlegacy(0): Not using default mode "800x600" (vrefresh out of range)
[    32.095] (II) vmwlegacy(0): Not using default mode "800x600" (hsync out of range)
[    32.095] (II) vmwlegacy(0): Not using default mode "800x600" (hsync out of range)
[    32.095] (II) vmwlegacy(0): Not using default mode "848x480" (hsync out of range)
[    32.095] (II) vmwlegacy(0): Not using default mode "1024x768i" (bad mode clock/interlace/doublescan)
[    32.095] (II) vmwlegacy(0): Not using default mode "1024x768" (hsync out of range)
[    32.095] (II) vmwlegacy(0): Not using default mode "1024x768" (hsync out of range)
[    32.095] (II) vmwlegacy(0): Not using default mode "1024x768" (hsync out of range)
[    32.095] (II) vmwlegacy(0): Not using default mode "1024x768" (hsync out of range)
[    32.095] (II) vmwlegacy(0): Not using default mode "1152x864" (hsync out of range)
[    32.095] (II) vmwlegacy(0): Not using default mode "1280x768" (monitor doesn't support reduced blanking)
[    32.095] (II) vmwlegacy(0): Not using default mode "1280x768" (mode clock too high)
[    32.095] (II) vmwlegacy(0): Not using default mode "1280x768" (hsync out of range)
[    32.095] (II) vmwlegacy(0): Not using default mode "1280x768" (hsync out of range)
[    32.095] (II) vmwlegacy(0): Not using default mode "1280x768" (hsync out of range)
[    32.096] (II) vmwlegacy(0): Not using default mode "1280x800" (hsync out of range)
[    32.096] (II) vmwlegacy(0): Not using default mode "1280x800" (hsync out of range)
[    32.096] (II) vmwlegacy(0): Not using default mode "1280x800" (hsync out of range)
[    32.096] (II) vmwlegacy(0): Not using default mode "1280x800" (hsync out of range)
[    32.096] (II) vmwlegacy(0): Not using default mode "1280x800" (hsync out of range)
[    32.096] (II) vmwlegacy(0): Not using default mode "1280x960" (hsync out of range)
[    32.096] (II) vmwlegacy(0): Not using default mode "1280x960" (hsync out of range)
[    32.096] (II) vmwlegacy(0): Not using default mode "1280x960" (hsync out of range)
[    32.096] (II) vmwlegacy(0): Not using default mode "1280x1024" (hsync out of range)
[    32.096] (II) vmwlegacy(0): Not using default mode "1280x1024" (hsync out of range)
[    32.096] (II) vmwlegacy(0): Not using default mode "1280x1024" (hsync out of range)
[    32.096] (II) vmwlegacy(0): Not using default mode "1280x1024" (hsync out of range)
[    32.096] (II) vmwlegacy(0): Not using default mode "1360x768" (mode clock too high)
[    32.096] (II) vmwlegacy(0): Not using default mode "1360x768" (hsync out of range)
[    32.096] (II) vmwlegacy(0): Not using default mode "1400x1050" (hsync out of range)
[    32.096] (II) vmwlegacy(0): Not using default mode "1400x1050" (hsync out of range)
[    32.096] (II) vmwlegacy(0): Not using default mode "1400x1050" (hsync out of range)
[    32.096] (II) vmwlegacy(0): Not using default mode "1400x1050" (hsync out of range)
[    32.096] (II) vmwlegacy(0): Not using default mode "1400x1050" (hsync out of range)
[    32.096] (II) vmwlegacy(0): Not using default mode "1440x900" (hsync out of range)
[    32.096] (II) vmwlegacy(0): Not using default mode "1440x900" (hsync out of range)
[    32.096] (II) vmwlegacy(0): Not using default mode "1440x900" (hsync out of range)
[    32.096] (II) vmwlegacy(0): Not using default mode "1440x900" (hsync out of range)
[    32.096] (II) vmwlegacy(0): Not using default mode "1440x900" (hsync out of range)
[    32.096] (II) vmwlegacy(0): Not using default mode "1600x1200" (hsync out of range)
[    32.096] (II) vmwlegacy(0): Not using default mode "1600x1200" (hsync out of range)
[    32.096] (II) vmwlegacy(0): Not using default mode "1600x1200" (hsync out of range)
[    32.096] (II) vmwlegacy(0): Not using default mode "1600x1200" (hsync out of range)
[    32.096] (II) vmwlegacy(0): Not using default mode "1600x1200" (hsync out of range)
[    32.096] (II) vmwlegacy(0): Not using default mode "1600x1200" (hsync out of range)
[    32.096] (II) vmwlegacy(0): Not using default mode "1680x1050" (hsync out of range)
[    32.096] (II) vmwlegacy(0): Not using default mode "1680x1050" (hsync out of range)
[    32.096] (II) vmwlegacy(0): Not using default mode "1680x1050" (hsync out of range)
[    32.096] (II) vmwlegacy(0): Not using default mode "1680x1050" (hsync out of range)
[    32.096] (II) vmwlegacy(0): Not using default mode "1680x1050" (hsync out of range)
[    32.096] (II) vmwlegacy(0): Not using default mode "1792x1344" (hsync out of range)
[    32.096] (II) vmwlegacy(0): Not using default mode "1792x1344" (hsync out of range)
[    32.096] (II) vmwlegacy(0): Not using default mode "1792x1344" (hsync out of range)
[    32.096] (II) vmwlegacy(0): Not using default mode "1856x1392" (hsync out of range)
[    32.096] (II) vmwlegacy(0): Not using default mode "1856x1392" (hsync out of range)
[    32.096] (II) vmwlegacy(0): Not using default mode "1856x1392" (hsync out of range)
[    32.096] (II) vmwlegacy(0): Not using default mode "1920x1200" (hsync out of range)
[    32.096] (II) vmwlegacy(0): Not using default mode "1920x1200" (hsync out of range)
[    32.096] (II) vmwlegacy(0): Not using default mode "1920x1200" (hsync out of range)
[    32.096] (II) vmwlegacy(0): Not using default mode "1920x1200" (hsync out of range)
[    32.096] (II) vmwlegacy(0): Not using default mode "1920x1200" (hsync out of range)
[    32.096] (II) vmwlegacy(0): Not using default mode "1920x1440" (hsync out of range)
[    32.096] (II) vmwlegacy(0): Not using default mode "1920x1440" (hsync out of range)
[    32.096] (II) vmwlegacy(0): Not using default mode "1920x1440" (hsync out of range)
[    32.096] (II) vmwlegacy(0): Not using default mode "2560x1600" (width requires unsupported line pitch)
[    32.096] (II) vmwlegacy(0): Not using default mode "2560x1600" (width requires unsupported line pitch)
[    32.096] (II) vmwlegacy(0): Not using default mode "2560x1600" (width requires unsupported line pitch)
[    32.096] (II) vmwlegacy(0): Not using default mode "2560x1600" (width requires unsupported line pitch)
[    32.096] (II) vmwlegacy(0): Not using default mode "2560x1600" (width requires unsupported line pitch)
[    32.096] (--) vmwlegacy(0): Virtual size is 1024x768 (pitch 1024)
[    32.096] (**) vmwlegacy(0): *Default mode "1024x768": 65.0 MHz, 48.4 kHz, 60.0 Hz
[    32.096] (II) vmwlegacy(0): Modeline "1024x768"x60.0   65.00  1024 1048 1184 1344  768 771 777 806 -hsync -vsync (48.4 kHz)
[    32.096] (**) vmwlegacy(0): *Default mode "800x600": 40.0 MHz, 37.9 kHz, 60.3 Hz
[    32.096] (II) vmwlegacy(0): Modeline "800x600"x60.3   40.00  800 840 968 1056  600 601 605 628 +hsync +vsync (37.9 kHz)
[    32.096] (**) vmwlegacy(0): *Default mode "800x600": 36.0 MHz, 35.2 kHz, 56.2 Hz
[    32.096] (II) vmwlegacy(0): Modeline "800x600"x56.2   36.00  800 824 896 1024  600 601 603 625 +hsync +vsync (35.2 kHz)
[    32.096] (**) vmwlegacy(0): *Default mode "640x480": 25.2 MHz, 31.5 kHz, 59.9 Hz
[    32.096] (II) vmwlegacy(0): Modeline "640x480"x59.9   25.18  640 656 752 800  480 490 492 525 -hsync -vsync (31.5 kHz)
[    32.096] (==) vmwlegacy(0): DPI set to (96, 96)
[    32.096] (II) Loading sub module "fb"
[    32.096] (II) LoadModule: "fb"
[    32.096] (II) Loading /usr/lib/xorg/modules/libfb.so
[    32.102] (II) Module fb: vendor="X.Org Foundation"
[    32.102] 	compiled for 1.10.4, module version = 1.0.0
[    32.102] 	ABI class: X.Org ANSI C Emulation, version 0.4
[    32.102] (II) Loading sub module "shadowfb"
[    32.102] (II) LoadModule: "shadowfb"
[    32.102] (II) Loading /usr/lib/xorg/modules/libshadowfb.so
[    32.104] (II) Module shadowfb: vendor="X.Org Foundation"
[    32.104] 	compiled for 1.10.4, module version = 1.0.0
[    32.104] 	ABI class: X.Org ANSI C Emulation, version 0.4
[    32.104] (II) Loading sub module "ramdac"
[    32.104] (II) LoadModule: "ramdac"
[    32.104] (II) Module "ramdac" already built-in
[    32.104] (II) UnloadModule: "vesa"
[    32.104] (II) Unloading vesa
[    32.104] (II) UnloadModule: "fbdev"
[    32.104] (II) Unloading fbdev
[    32.104] (II) UnloadModule: "fbdevhw"
[    32.104] (II) Unloading fbdevhw
[    32.104] (--) Depth 24 pixmap format is 32 bpp
[    32.104] (II) vmwlegacy(0): Initialized VMWARE_CTRL extension version 0.2
[    32.104] (II) vmwlegacy(0): vgaHWGetIOBase: hwp->IOBase is 0x03d0, hwp->PIOOffset is 0x0000
[    32.533] (==) vmwlegacy(0): Backing store disabled
[    32.533] (==) vmwlegacy(0): Silken mouse enabled
[    32.534] (EE) vmwlegacy(0): Hardware cursor initialization failed
[    32.535] (==) RandR enabled
[    32.535] (II) Initializing built-in extension Generic Event Extension
[    32.535] (II) Initializing built-in extension SHAPE
[    32.535] (II) Initializing built-in extension MIT-SHM
[    32.535] (II) Initializing built-in extension XInputExtension
[    32.535] (II) Initializing built-in extension XTEST
[    32.535] (II) Initializing built-in extension BIG-REQUESTS
[    32.535] (II) Initializing built-in extension SYNC
[    32.535] (II) Initializing built-in extension XKEYBOARD
[    32.535] (II) Initializing built-in extension XC-MISC
[    32.535] (II) Initializing built-in extension XINERAMA
[    32.535] (II) Initializing built-in extension XFIXES
[    32.535] (II) Initializing built-in extension RENDER
[    32.535] (II) Initializing built-in extension RANDR
[    32.535] (II) Initializing built-in extension COMPOSITE
[    32.535] (II) Initializing built-in extension DAMAGE
[    32.535] (II) SELinux: Disabled by boolean
[    32.549] (II) AIGLX: Screen 0 is not DRI2 capable
[    32.549] (II) AIGLX: Screen 0 is not DRI capable
[    32.568] (II) AIGLX: Loaded and initialized /usr/lib/dri/swrast_dri.so
[    32.568] (II) GLX: Initialized DRISWRAST GL provider for screen 0
[    32.675] (II) config/hal: Adding input device ImExPS/2 Generic Explorer Mouse
[    32.675] (II) LoadModule: "evdev"
[    32.675] (II) Loading /usr/lib/xorg/modules/input/evdev_drv.so
[    32.679] (II) Module evdev: vendor="X.Org Foundation"
[    32.679] 	compiled for 1.10.4, module version = 2.6.0
[    32.679] 	Module class: X.Org XInput Driver
[    32.679] 	ABI class: X.Org XInput driver, version 12.2
[    32.679] (II) Using input driver 'evdev' for 'ImExPS/2 Generic Explorer Mouse'
[    32.679] (II) Loading /usr/lib/xorg/modules/input/evdev_drv.so
[    32.679] (**) ImExPS/2 Generic Explorer Mouse: always reports core events
[    32.679] (**) ImExPS/2 Generic Explorer Mouse: Device: "/dev/input/event4"
[    32.679] (--) ImExPS/2 Generic Explorer Mouse: Found 9 mouse buttons
[    32.679] (--) ImExPS/2 Generic Explorer Mouse: Found scroll wheel(s)
[    32.679] (--) ImExPS/2 Generic Explorer Mouse: Found relative axes
[    32.679] (--) ImExPS/2 Generic Explorer Mouse: Found x and y relative axes
[    32.679] (II) ImExPS/2 Generic Explorer Mouse: Configuring as mouse
[    32.679] (II) ImExPS/2 Generic Explorer Mouse: Adding scrollwheel support
[    32.679] (**) ImExPS/2 Generic Explorer Mouse: YAxisMapping: buttons 4 and 5
[    32.679] (**) ImExPS/2 Generic Explorer Mouse: EmulateWheelButton: 4, EmulateWheelInertia: 10, EmulateWheelTimeout: 200
[    32.679] (**) Option "config_info" "hal:/org/freedesktop/Hal/devices/platform_i8042_i8042_AUX_port_logicaldev_input"
[    32.679] (II) XINPUT: Adding extended input device "ImExPS/2 Generic Explorer Mouse" (type: MOUSE)
[    32.679] (II) ImExPS/2 Generic Explorer Mouse: initialized for relative axes.
[    32.680] (**) ImExPS/2 Generic Explorer Mouse: (accel) keeping acceleration scheme 1
[    32.680] (**) ImExPS/2 Generic Explorer Mouse: (accel) acceleration profile 0
[    32.680] (**) ImExPS/2 Generic Explorer Mouse: (accel) acceleration factor: 2.000
[    32.680] (**) ImExPS/2 Generic Explorer Mouse: (accel) acceleration threshold: 4
[    32.680] (II) config/hal: Adding input device AT Translated Set 2 keyboard
[    32.680] (II) Using input driver 'evdev' for 'AT Translated Set 2 keyboard'
[    32.680] (II) Loading /usr/lib/xorg/modules/input/evdev_drv.so
[    32.680] (**) AT Translated Set 2 keyboard: always reports core events
[    32.680] (**) AT Translated Set 2 keyboard: Device: "/dev/input/event3"
[    32.680] (--) AT Translated Set 2 keyboard: Found keys
[    32.680] (II) AT Translated Set 2 keyboard: Configuring as keyboard
[    32.680] (**) Option "config_info" "hal:/org/freedesktop/Hal/devices/platform_i8042_i8042_KBD_port_logicaldev_input"
[    32.680] (II) XINPUT: Adding extended input device "AT Translated Set 2 keyboard" (type: KEYBOARD)
[    32.680] (**) Option "xkb_rules" "evdev"
[    32.680] (**) Option "xkb_model" "pc105"
[    32.680] (**) Option "xkb_layout" "ru,us"
[    32.680] (**) Option "xkb_options" "terminate:ctrl_alt_bksp,grp:shifts_toggle,grp_led:scroll"
[    32.715] (II) config/hal: Adding input device Video Bus
[    32.715] (II) Using input driver 'evdev' for 'Video Bus'
[    32.715] (II) Loading /usr/lib/xorg/modules/input/evdev_drv.so
[    32.715] (**) Video Bus: always reports core events
[    32.715] (**) Video Bus: Device: "/dev/input/event5"
[    32.715] (--) Video Bus: Found keys
[    32.715] (II) Video Bus: Configuring as keyboard
[    32.715] (**) Option "config_info" "hal:/org/freedesktop/Hal/devices/computer_logicaldev_input_1"
[    32.715] (II) XINPUT: Adding extended input device "Video Bus" (type: KEYBOARD)
[    32.715] (**) Option "xkb_rules" "evdev"
[    32.715] (**) Option "xkb_model" "pc105"
[    32.715] (**) Option "xkb_layout" "ru,us"
[    32.715] (**) Option "xkb_options" "terminate:ctrl_alt_bksp,grp:shifts_toggle,grp_led:scroll"
[    32.715] (II) config/hal: Adding input device Sleep Button
[    32.715] (II) Using input driver 'evdev' for 'Sleep Button'
[    32.715] (II) Loading /usr/lib/xorg/modules/input/evdev_drv.so
[    32.715] (**) Sleep Button: always reports core events
[    32.715] (**) Sleep Button: Device: "/dev/input/event1"
[    32.715] (--) Sleep Button: Found keys
[    32.715] (II) Sleep Button: Configuring as keyboard
[    32.715] (**) Option "config_info" "hal:/org/freedesktop/Hal/devices/computer_logicaldev_input_0"
[    32.715] (II) XINPUT: Adding extended input device "Sleep Button" (type: KEYBOARD)
[    32.715] (**) Option "xkb_rules" "evdev"
[    32.715] (**) Option "xkb_model" "pc105"
[    32.715] (**) Option "xkb_layout" "ru,us"
[    32.715] (**) Option "xkb_options" "terminate:ctrl_alt_bksp,grp:shifts_toggle,grp_led:scroll"
[    32.725] (II) config/hal: Adding input device Power Button
[    32.725] (II) Using input driver 'evdev' for 'Power Button'
[    32.725] (II) Loading /usr/lib/xorg/modules/input/evdev_drv.so
[    32.725] (**) Power Button: always reports core events
[    32.725] (**) Power Button: Device: "/dev/input/event0"
[    32.725] (--) Power Button: Found keys
[    32.725] (II) Power Button: Configuring as keyboard
[    32.725] (**) Option "config_info" "hal:/org/freedesktop/Hal/devices/computer_logicaldev_input"
[    32.725] (II) XINPUT: Adding extended input device "Power Button" (type: KEYBOARD)
[    32.725] (**) Option "xkb_rules" "evdev"
[    32.725] (**) Option "xkb_model" "pc105"
[    32.725] (**) Option "xkb_layout" "ru,us"
[    32.725] (**) Option "xkb_options" "terminate:ctrl_alt_bksp,grp:shifts_toggle,grp_led:scroll"
[    32.725] (II) config/hal: Adding input device Macintosh mouse button emulation
[    32.725] (II) Using input driver 'evdev' for 'Macintosh mouse button emulation'
[    32.725] (II) Loading /usr/lib/xorg/modules/input/evdev_drv.so
[    32.725] (**) Macintosh mouse button emulation: always reports core events
[    32.725] (**) Macintosh mouse button emulation: Device: "/dev/input/event2"
[    32.725] (--) Macintosh mouse button emulation: Found 3 mouse buttons
[    32.725] (--) Macintosh mouse button emulation: Found relative axes
[    32.725] (--) Macintosh mouse button emulation: Found x and y relative axes
[    32.725] (II) Macintosh mouse button emulation: Configuring as mouse
[    32.725] (**) Macintosh mouse button emulation: YAxisMapping: buttons 4 and 5
[    32.725] (**) Macintosh mouse button emulation: EmulateWheelButton: 4, EmulateWheelInertia: 10, EmulateWheelTimeout: 200
[    32.725] (**) Option "config_info" "hal:/org/freedesktop/Hal/devices/computer_logicaldev_input_2"
[    32.725] (II) XINPUT: Adding extended input device "Macintosh mouse button emulation" (type: MOUSE)
[    32.725] (II) Macintosh mouse button emulation: initialized for relative axes.
[    32.725] (**) Macintosh mouse button emulation: (accel) keeping acceleration scheme 1
[    32.725] (**) Macintosh mouse button emulation: (accel) acceleration profile 0
[    32.725] (**) Macintosh mouse button emulation: (accel) acceleration factor: 2.000
[    32.725] (**) Macintosh mouse button emulation: (accel) acceleration threshold: 4
[   159.484] (II) ImExPS/2 Generic Explorer Mouse: Close
[   159.484] (II) UnloadModule: "evdev"
[   159.484] (II) Unloading evdev
[   159.484] (II) AT Translated Set 2 keyboard: Close
[   159.484] (II) UnloadModule: "evdev"
[   159.484] (II) Unloading evdev
[   159.484] (II) Video Bus: Close
[   159.484] (II) UnloadModule: "evdev"
[   159.484] (II) Unloading evdev
[   159.484] (II) Sleep Button: Close
[   159.484] (II) UnloadModule: "evdev"
[   159.484] (II) Unloading evdev
[   159.484] (II) Power Button: Close
[   159.484] (II) UnloadModule: "evdev"
[   159.484] (II) Unloading evdev
[   159.484] (II) Macintosh mouse button emulation: Close
[   159.484] (II) UnloadModule: "evdev"
[   159.484] (II) Unloading evdev
